# JRE version: OpenJDK Runtime Environment (17.0.7) (build 17.0.7+0-b2043.56-10550314)
# Java VM: OpenJDK 64-Bit Server VM (17.0.7+0-b2043.56-10550314, mixed mode, tiered, compressed oops, compressed class ptrs, g1 gc, windows-amd64)
GC Precious Log:
 CPUs: 4 total, 4 available
 Memory: 6086M
 Large Page Support: Disabled
 NUMA Support: Disabled
 Compressed Oops: Enabled (32-bit)
 Heap Region Size: 1M
 Heap Min Capacity: 8M
 Heap Initial Capacity: 96M
 Heap Max Capacity: 2G
 Pre-touch: Disabled
 Parallel Workers: 4
 Concurrent Workers: 1
 Concurrent Refinement Workers: 4
 Periodic GC: Disabled
Heap:
 garbage-first heap   total 536576K, used 150917K [0x0000000080000000, 0x0000000100000000)
  region size 1024K, 5 young (5120K), 5 survivors (5120K)
 Metaspace       used 135219K, committed 136064K, reserved 1179648K
  class space    used 18097K, committed 18496K, reserved 1048576K
GC Heap History (20 events):
Event: 2111.938 GC heap after
{Heap after GC invocations=67 (full 0):
 garbage-first heap   total 268288K, used 155648K [0x0000000080000000, 0x0000000100000000)
  region size 1024K, 2 young (2048K), 2 survivors (2048K)
 Metaspace       used 127932K, committed 128704K, reserved 1179648K
  class space    used 17413K, committed 17792K, reserved 1048576K
}
Event: 2112.198 GC heap before
{Heap before GC invocations=67 (full 0):
 garbage-first heap   total 268288K, used 166912K [0x0000000080000000, 0x0000000100000000)
  region size 1024K, 13 young (13312K), 2 survivors (2048K)
 Metaspace       used 127964K, committed 128704K, reserved 1179648K
  class space    used 17415K, committed 17792K, reserved 1048576K
}
Event: 2112.385 GC heap after
{Heap after GC invocations=68 (full 0):
 garbage-first heap   total 536576K, used 151980K [0x0000000080000000, 0x0000000100000000)
  region size 1024K, 2 young (2048K), 2 survivors (2048K)
 Metaspace       used 127964K, committed 128704K, reserved 1179648K
  class space    used 17415K, committed 17792K, reserved 1048576K
}
Event: 2112.624 GC heap before
{Heap before GC invocations=68 (full 0):
 garbage-first heap   total 536576K, used 176556K [0x0000000080000000, 0x0000000100000000)
  region size 1024K, 26 young (26624K), 2 survivors (2048K)
 Metaspace       used 127964K, committed 128704K, reserved 1179648K
  class space    used 17415K, committed 17792K, reserved 1048576K
}
Event: 2112.680 GC heap after
{Heap after GC invocations=69 (full 0):
 garbage-first heap   total 536576K, used 152641K [0x0000000080000000, 0x0000000100000000)
  region size 1024K, 4 young (4096K), 4 survivors (4096K)
 Metaspace       used 127964K, committed 128704K, reserved 1179648K
  class space    used 17415K, committed 17792K, reserved 1048576K
}
Event: 2113.296 GC heap before
{Heap before GC invocations=69 (full 0):
 garbage-first heap   total 536576K, used 175169K [0x0000000080000000, 0x0000000100000000)
  region size 1024K, 26 young (26624K), 4 survivors (4096K)
 Metaspace       used 128038K, committed 128768K, reserved 1179648K
  class space    used 17422K, committed 17792K, reserved 1048576K
}
Event: 2113.467 GC heap after
{Heap after GC invocations=70 (full 0):
 garbage-first heap   total 536576K, used 156507K [0x0000000080000000, 0x0000000100000000)
  region size 1024K, 4 young (4096K), 4 survivors (4096K)
 Metaspace       used 128038K, committed 128768K, reserved 1179648K
  class space    used 17422K, committed 17792K, reserved 1048576K
}
Event: 2113.565 GC heap before
{Heap before GC invocations=70 (full 0):
 garbage-first heap   total 536576K, used 159579K [0x0000000080000000, 0x0000000100000000)
  region size 1024K, 9 young (9216K), 4 survivors (4096K)
 Metaspace       used 128043K, committed 128768K, reserved 1179648K
  class space    used 17422K, committed 17792K, reserved 1048576K
}
Event: 2113.581 GC heap after
{Heap after GC invocations=71 (full 0):
 garbage-first heap   total 536576K, used 160169K [0x0000000080000000, 0x0000000100000000)
  region size 1024K, 8 young (8192K), 8 survivors (8192K)
 Metaspace       used 128043K, committed 128768K, reserved 1179648K
  class space    used 17422K, committed 17792K, reserved 1048576K
}
Event: 2115.822 GC heap before
{Heap before GC invocations=72 (full 0):
 garbage-first heap   total 536576K, used 209321K [0x0000000080000000, 0x0000000100000000)
  region size 1024K, 27 young (27648K), 8 survivors (8192K)
 Metaspace       used 129256K, committed 130112K, reserved 1179648K
  class space    used 17539K, committed 17920K, reserved 1048576K
}
Event: 2115.842 GC heap after
{Heap after GC invocations=73 (full 0):
 garbage-first heap   total 536576K, used 161624K [0x0000000080000000, 0x0000000100000000)
  region size 1024K, 2 young (2048K), 2 survivors (2048K)
 Metaspace       used 129256K, committed 130112K, reserved 1179648K
  class space    used 17539K, committed 17920K, reserved 1048576K
}
Event: 2116.587 GC heap before
{Heap before GC invocations=73 (full 0):
 garbage-first heap   total 536576K, used 185176K [0x0000000080000000, 0x0000000100000000)
  region size 1024K, 26 young (26624K), 2 survivors (2048K)
 Metaspace       used 130926K, committed 131712K, reserved 1179648K
  class space    used 17692K, committed 18048K, reserved 1048576K
}
Event: 2116.603 GC heap after
{Heap after GC invocations=74 (full 0):
 garbage-first heap   total 536576K, used 160643K [0x0000000080000000, 0x0000000100000000)
  region size 1024K, 4 young (4096K), 4 survivors (4096K)
 Metaspace       used 130926K, committed 131712K, reserved 1179648K
  class space    used 17692K, committed 18048K, reserved 1048576K
}
Event: 2117.859 GC heap before
{Heap before GC invocations=74 (full 0):
 garbage-first heap   total 536576K, used 222083K [0x0000000080000000, 0x0000000100000000)
  region size 1024K, 65 young (66560K), 4 survivors (4096K)
 Metaspace       used 133433K, committed 134272K, reserved 1179648K
  class space    used 17911K, committed 18304K, reserved 1048576K
}
Event: 2117.888 GC heap after
{Heap after GC invocations=75 (full 0):
 garbage-first heap   total 536576K, used 170163K [0x0000000080000000, 0x0000000100000000)
  region size 1024K, 9 young (9216K), 9 survivors (9216K)
 Metaspace       used 133433K, committed 134272K, reserved 1179648K
  class space    used 17911K, committed 18304K, reserved 1048576K
}
Event: 2125.458 GC heap before
{Heap before GC invocations=76 (full 0):
 garbage-first heap   total 536576K, used 225459K [0x0000000080000000, 0x0000000100000000)
  region size 1024K, 67 young (68608K), 9 survivors (9216K)
 Metaspace       used 134430K, committed 135296K, reserved 1179648K
  class space    used 18010K, committed 18368K, reserved 1048576K
}
Event: 2125.486 GC heap after
{Heap after GC invocations=77 (full 0):
 garbage-first heap   total 536576K, used 169892K [0x0000000080000000, 0x0000000100000000)
  region size 1024K, 8 young (8192K), 8 survivors (8192K)
 Metaspace       used 134430K, committed 135296K, reserved 1179648K
  class space    used 18010K, committed 18368K, reserved 1048576K
}
Event: 2125.878 GC heap before
{Heap before GC invocations=77 (full 0):
 garbage-first heap   total 536576K, used 187300K [0x0000000080000000, 0x0000000100000000)
  region size 1024K, 26 young (26624K), 8 survivors (8192K)
 Metaspace       used 134634K, committed 135488K, reserved 1179648K
  class space    used 18035K, committed 18432K, reserved 1048576K
}
Event: 2125.903 GC heap after
{Heap after GC invocations=78 (full 0):
 garbage-first heap   total 536576K, used 147709K [0x0000000080000000, 0x0000000100000000)
  region size 1024K, 2 young (2048K), 2 survivors (2048K)
 Metaspace       used 134634K, committed 135488K, reserved 1179648K
  class space    used 18035K, committed 18432K, reserved 1048576K
}
Event: 2127.097 GC heap before
{Heap before GC invocations=78 (full 0):
 garbage-first heap   total 536576K, used 173309K [0x0000000080000000, 0x0000000100000000)
  region size 1024K, 29 young (29696K), 2 survivors (2048K)
 Metaspace       used 135219K, committed 136064K, reserved 1179648K
  class space    used 18097K, committed 18496K, reserved 1048576K
}

