# JRE version: OpenJDK Runtime Environment (17.0.7) (build 17.0.7+0-b2043.56-10550314)
# Java VM: OpenJDK 64-Bit Server VM (17.0.7+0-b2043.56-10550314, mixed mode, tiered, compressed oops, compressed class ptrs, g1 gc, windows-amd64)
GC Precious Log:
 CPUs: 4 total, 4 available
 Memory: 6086M
 Large Page Support: Disabled
 NUMA Support: Disabled
 Compressed Oops: Enabled (32-bit)
 Heap Region Size: 1M
 Heap Min Capacity: 8M
 Heap Initial Capacity: 96M
 Heap Max Capacity: 2G
 Pre-touch: Disabled
 Parallel Workers: 4
 Concurrent Workers: 1
 Concurrent Refinement Workers: 4
 Periodic GC: Disabled
Heap:
 garbage-first heap   total 98304K, used 53332K [0x0000000080000000, 0x0000000100000000)
  region size 1024K, 2 young (2048K), 2 survivors (2048K)
 Metaspace       used 63487K, committed 64000K, reserved 1114112K
  class space    used 8416K, committed 8640K, reserved 1048576K
GC Heap History (20 events):
Event: 11.201 GC heap after
{Heap after GC invocations=12 (full 0):
 garbage-first heap   total 86016K, used 29521K [0x0000000080000000, 0x0000000100000000)
  region size 1024K, 1 young (1024K), 1 survivors (1024K)
 Metaspace       used 42573K, committed 42880K, reserved 1114112K
  class space    used 5585K, committed 5696K, reserved 1048576K
}
Event: 12.675 GC heap before
{Heap before GC invocations=12 (full 0):
 garbage-first heap   total 86016K, used 66385K [0x0000000080000000, 0x0000000100000000)
  region size 1024K, 37 young (37888K), 1 survivors (1024K)
 Metaspace       used 45887K, committed 46272K, reserved 1114112K
  class space    used 6103K, committed 6272K, reserved 1048576K
}
Event: 12.688 GC heap after
{Heap after GC invocations=13 (full 0):
 garbage-first heap   total 86016K, used 31969K [0x0000000080000000, 0x0000000100000000)
  region size 1024K, 4 young (4096K), 4 survivors (4096K)
 Metaspace       used 45887K, committed 46272K, reserved 1114112K
  class space    used 6103K, committed 6272K, reserved 1048576K
}
Event: 13.989 GC heap before
{Heap before GC invocations=13 (full 0):
 garbage-first heap   total 86016K, used 66785K [0x0000000080000000, 0x0000000100000000)
  region size 1024K, 37 young (37888K), 4 survivors (4096K)
 Metaspace       used 50172K, committed 50560K, reserved 1114112K
  class space    used 6662K, committed 6848K, reserved 1048576K
}
Event: 13.998 GC heap after
{Heap after GC invocations=14 (full 0):
 garbage-first heap   total 86016K, used 33696K [0x0000000080000000, 0x0000000100000000)
  region size 1024K, 2 young (2048K), 2 survivors (2048K)
 Metaspace       used 50172K, committed 50560K, reserved 1114112K
  class space    used 6662K, committed 6848K, reserved 1048576K
}
Event: 16.024 GC heap before
{Heap before GC invocations=14 (full 0):
 garbage-first heap   total 86016K, used 66464K [0x0000000080000000, 0x0000000100000000)
  region size 1024K, 34 young (34816K), 2 survivors (2048K)
 Metaspace       used 55556K, committed 56000K, reserved 1114112K
  class space    used 7307K, committed 7488K, reserved 1048576K
}
Event: 16.036 GC heap after
{Heap after GC invocations=15 (full 0):
 garbage-first heap   total 86016K, used 36659K [0x0000000080000000, 0x0000000100000000)
  region size 1024K, 5 young (5120K), 5 survivors (5120K)
 Metaspace       used 55556K, committed 56000K, reserved 1114112K
  class space    used 7307K, committed 7488K, reserved 1048576K
}
Event: 18.481 GC heap before
{Heap before GC invocations=15 (full 0):
 garbage-first heap   total 86016K, used 66355K [0x0000000080000000, 0x0000000100000000)
  region size 1024K, 35 young (35840K), 5 survivors (5120K)
 Metaspace       used 59355K, committed 59840K, reserved 1114112K
  class space    used 7826K, committed 8064K, reserved 1048576K
}
Event: 18.495 GC heap after
{Heap after GC invocations=16 (full 0):
 garbage-first heap   total 86016K, used 40203K [0x0000000080000000, 0x0000000100000000)
  region size 1024K, 4 young (4096K), 4 survivors (4096K)
 Metaspace       used 59355K, committed 59840K, reserved 1114112K
  class space    used 7826K, committed 8064K, reserved 1048576K
}
Event: 18.737 GC heap before
{Heap before GC invocations=16 (full 0):
 garbage-first heap   total 86016K, used 45323K [0x0000000080000000, 0x0000000100000000)
  region size 1024K, 8 young (8192K), 4 survivors (4096K)
 Metaspace       used 59645K, committed 60096K, reserved 1114112K
  class space    used 7867K, committed 8064K, reserved 1048576K
}
Event: 18.744 GC heap after
{Heap after GC invocations=17 (full 0):
 garbage-first heap   total 86016K, used 43562K [0x0000000080000000, 0x0000000100000000)
  region size 1024K, 2 young (2048K), 2 survivors (2048K)
 Metaspace       used 59645K, committed 60096K, reserved 1114112K
  class space    used 7867K, committed 8064K, reserved 1048576K
}
Event: 18.987 GC heap before
{Heap before GC invocations=18 (full 0):
 garbage-first heap   total 86016K, used 47658K [0x0000000080000000, 0x0000000100000000)
  region size 1024K, 7 young (7168K), 2 survivors (2048K)
 Metaspace       used 59646K, committed 60096K, reserved 1114112K
  class space    used 7867K, committed 8064K, reserved 1048576K
}
Event: 18.993 GC heap after
{Heap after GC invocations=19 (full 0):
 garbage-first heap   total 86016K, used 47839K [0x0000000080000000, 0x0000000100000000)
  region size 1024K, 4 young (4096K), 4 survivors (4096K)
 Metaspace       used 59646K, committed 60096K, reserved 1114112K
  class space    used 7867K, committed 8064K, reserved 1048576K
}
Event: 19.190 GC heap before
{Heap before GC invocations=20 (full 0):
 garbage-first heap   total 86016K, used 50911K [0x0000000080000000, 0x0000000100000000)
  region size 1024K, 7 young (7168K), 4 survivors (4096K)
 Metaspace       used 59651K, committed 60096K, reserved 1114112K
  class space    used 7868K, committed 8064K, reserved 1048576K
}
Event: 19.194 GC heap after
{Heap after GC invocations=21 (full 0):
 garbage-first heap   total 86016K, used 49006K [0x0000000080000000, 0x0000000100000000)
  region size 1024K, 2 young (2048K), 2 survivors (2048K)
 Metaspace       used 59651K, committed 60096K, reserved 1114112K
  class space    used 7868K, committed 8064K, reserved 1048576K
}
Event: 19.646 GC heap before
{Heap before GC invocations=22 (full 0):
 garbage-first heap   total 92160K, used 60270K [0x0000000080000000, 0x0000000100000000)
  region size 1024K, 14 young (14336K), 2 survivors (2048K)
 Metaspace       used 60552K, committed 61056K, reserved 1114112K
  class space    used 7980K, committed 8192K, reserved 1048576K
}
Event: 19.650 GC heap after
{Heap after GC invocations=23 (full 0):
 garbage-first heap   total 92160K, used 51179K [0x0000000080000000, 0x0000000100000000)
  region size 1024K, 2 young (2048K), 2 survivors (2048K)
 Metaspace       used 60552K, committed 61056K, reserved 1114112K
  class space    used 7980K, committed 8192K, reserved 1048576K
}
Event: 20.228 GC heap before
{Heap before GC invocations=24 (full 0):
 garbage-first heap   total 92160K, used 67563K [0x0000000080000000, 0x0000000100000000)
  region size 1024K, 17 young (17408K), 2 survivors (2048K)
 Metaspace       used 61865K, committed 62336K, reserved 1114112K
  class space    used 8190K, committed 8384K, reserved 1048576K
}
Event: 20.232 GC heap after
{Heap after GC invocations=25 (full 0):
 garbage-first heap   total 92160K, used 52793K [0x0000000080000000, 0x0000000100000000)
  region size 1024K, 2 young (2048K), 2 survivors (2048K)
 Metaspace       used 61865K, committed 62336K, reserved 1114112K
  class space    used 8190K, committed 8384K, reserved 1048576K
}
Event: 20.700 GC heap before
{Heap before GC invocations=25 (full 0):
 garbage-first heap   total 92160K, used 68153K [0x0000000080000000, 0x0000000100000000)
  region size 1024K, 18 young (18432K), 2 survivors (2048K)
 Metaspace       used 63487K, committed 64000K, reserved 1114112K
  class space    used 8416K, committed 8640K, reserved 1048576K
}

