# JRE version: OpenJDK Runtime Environment (17.0.7) (build 17.0.7+0-b2043.56-10550314)
# Java VM: OpenJDK 64-Bit Server VM (17.0.7+0-b2043.56-10550314, mixed mode, tiered, compressed oops, compressed class ptrs, g1 gc, windows-amd64)
GC Precious Log:
 CPUs: 4 total, 4 available
 Memory: 6086M
 Large Page Support: Disabled
 NUMA Support: Disabled
 Compressed Oops: Enabled (32-bit)
 Heap Region Size: 1M
 Heap Min Capacity: 8M
 Heap Initial Capacity: 96M
 Heap Max Capacity: 2G
 Pre-touch: Disabled
 Parallel Workers: 4
 Concurrent Workers: 1
 Concurrent Refinement Workers: 4
 Periodic GC: Disabled
Heap:
 garbage-first heap   total 82944K, used 41139K [0x0000000080000000, 0x0000000100000000)
  region size 1024K, 10 young (10240K), 2 survivors (2048K)
 Metaspace       used 50871K, committed 51328K, reserved 1114112K
  class space    used 6758K, committed 6976K, reserved 1048576K
GC Heap History (20 events):
Event: 3.141 GC heap before
{Heap before GC invocations=2 (full 0):
 garbage-first heap   total 98304K, used 31106K [0x0000000080000000, 0x0000000100000000)
  region size 1024K, 23 young (23552K), 3 survivors (3072K)
 Metaspace       used 11407K, committed 11584K, reserved 1114112K
  class space    used 1183K, committed 1280K, reserved 1048576K
}
Event: 3.148 GC heap after
{Heap after GC invocations=3 (full 0):
 garbage-first heap   total 98304K, used 11061K [0x0000000080000000, 0x0000000100000000)
  region size 1024K, 1 young (1024K), 1 survivors (1024K)
 Metaspace       used 11407K, committed 11584K, reserved 1114112K
  class space    used 1183K, committed 1280K, reserved 1048576K
}
Event: 5.706 GC heap before
{Heap before GC invocations=3 (full 0):
 garbage-first heap   total 98304K, used 59189K [0x0000000080000000, 0x0000000100000000)
  region size 1024K, 49 young (50176K), 1 survivors (1024K)
 Metaspace       used 21307K, committed 21504K, reserved 1114112K
  class space    used 2571K, committed 2688K, reserved 1048576K
}
Event: 5.718 GC heap after
{Heap after GC invocations=4 (full 0):
 garbage-first heap   total 98304K, used 18561K [0x0000000080000000, 0x0000000100000000)
  region size 1024K, 8 young (8192K), 8 survivors (8192K)
 Metaspace       used 21307K, committed 21504K, reserved 1114112K
  class space    used 2571K, committed 2688K, reserved 1048576K
}
Event: 6.940 GC heap before
{Heap before GC invocations=5 (full 0):
 garbage-first heap   total 68608K, used 51329K [0x0000000080000000, 0x0000000100000000)
  region size 1024K, 40 young (40960K), 8 survivors (8192K)
 Metaspace       used 25926K, committed 26240K, reserved 1114112K
  class space    used 3388K, committed 3520K, reserved 1048576K
}
Event: 6.956 GC heap after
{Heap after GC invocations=6 (full 0):
 garbage-first heap   total 68608K, used 20342K [0x0000000080000000, 0x0000000100000000)
  region size 1024K, 3 young (3072K), 3 survivors (3072K)
 Metaspace       used 25926K, committed 26240K, reserved 1114112K
  class space    used 3388K, committed 3520K, reserved 1048576K
}
Event: 7.908 GC heap before
{Heap before GC invocations=6 (full 0):
 garbage-first heap   total 68608K, used 47990K [0x0000000080000000, 0x0000000100000000)
  region size 1024K, 31 young (31744K), 3 survivors (3072K)
 Metaspace       used 29895K, committed 30208K, reserved 1114112K
  class space    used 4028K, committed 4160K, reserved 1048576K
}
Event: 7.915 GC heap after
{Heap after GC invocations=7 (full 0):
 garbage-first heap   total 68608K, used 21524K [0x0000000080000000, 0x0000000100000000)
  region size 1024K, 4 young (4096K), 4 survivors (4096K)
 Metaspace       used 29895K, committed 30208K, reserved 1114112K
  class space    used 4028K, committed 4160K, reserved 1048576K
}
Event: 8.977 GC heap before
{Heap before GC invocations=7 (full 0):
 garbage-first heap   total 68608K, used 50196K [0x0000000080000000, 0x0000000100000000)
  region size 1024K, 32 young (32768K), 4 survivors (4096K)
 Metaspace       used 33751K, committed 34048K, reserved 1114112K
  class space    used 4639K, committed 4736K, reserved 1048576K
}
Event: 8.987 GC heap after
{Heap after GC invocations=8 (full 0):
 garbage-first heap   total 68608K, used 22724K [0x0000000080000000, 0x0000000100000000)
  region size 1024K, 3 young (3072K), 3 survivors (3072K)
 Metaspace       used 33751K, committed 34048K, reserved 1114112K
  class space    used 4639K, committed 4736K, reserved 1048576K
}
Event: 9.399 GC heap before
{Heap before GC invocations=8 (full 0):
 garbage-first heap   total 68608K, used 33988K [0x0000000080000000, 0x0000000100000000)
  region size 1024K, 15 young (15360K), 3 survivors (3072K)
 Metaspace       used 35763K, committed 36096K, reserved 1114112K
  class space    used 4950K, committed 5120K, reserved 1048576K
}
Event: 9.408 GC heap after
{Heap after GC invocations=9 (full 0):
 garbage-first heap   total 68608K, used 23803K [0x0000000080000000, 0x0000000100000000)
  region size 1024K, 3 young (3072K), 3 survivors (3072K)
 Metaspace       used 35763K, committed 36096K, reserved 1114112K
  class space    used 4950K, committed 5120K, reserved 1048576K
}
Event: 10.237 GC heap before
{Heap before GC invocations=10 (full 0):
 garbage-first heap   total 68608K, used 51451K [0x0000000080000000, 0x0000000100000000)
  region size 1024K, 31 young (31744K), 3 survivors (3072K)
 Metaspace       used 41117K, committed 41408K, reserved 1114112K
  class space    used 5469K, committed 5568K, reserved 1048576K
}
Event: 10.248 GC heap after
{Heap after GC invocations=11 (full 0):
 garbage-first heap   total 68608K, used 27444K [0x0000000080000000, 0x0000000100000000)
  region size 1024K, 4 young (4096K), 4 survivors (4096K)
 Metaspace       used 41117K, committed 41408K, reserved 1114112K
  class space    used 5469K, committed 5568K, reserved 1048576K
}
Event: 10.889 GC heap before
{Heap before GC invocations=11 (full 0):
 garbage-first heap   total 68608K, used 56116K [0x0000000080000000, 0x0000000100000000)
  region size 1024K, 28 young (28672K), 4 survivors (4096K)
 Metaspace       used 43305K, committed 43648K, reserved 1114112K
  class space    used 5682K, committed 5824K, reserved 1048576K
}
Event: 10.902 GC heap after
{Heap after GC invocations=12 (full 0):
 garbage-first heap   total 82944K, used 29982K [0x0000000080000000, 0x0000000100000000)
  region size 1024K, 3 young (3072K), 3 survivors (3072K)
 Metaspace       used 43305K, committed 43648K, reserved 1114112K
  class space    used 5682K, committed 5824K, reserved 1048576K
}
Event: 11.934 GC heap before
{Heap before GC invocations=12 (full 0):
 garbage-first heap   total 82944K, used 61726K [0x0000000080000000, 0x0000000100000000)
  region size 1024K, 34 young (34816K), 3 survivors (3072K)
 Metaspace       used 45956K, committed 46336K, reserved 1114112K
  class space    used 6115K, committed 6272K, reserved 1048576K
}
Event: 11.944 GC heap after
{Heap after GC invocations=13 (full 0):
 garbage-first heap   total 82944K, used 32299K [0x0000000080000000, 0x0000000100000000)
  region size 1024K, 5 young (5120K), 5 survivors (5120K)
 Metaspace       used 45956K, committed 46336K, reserved 1114112K
  class space    used 6115K, committed 6272K, reserved 1048576K
}
Event: 12.948 GC heap before
{Heap before GC invocations=13 (full 0):
 garbage-first heap   total 82944K, used 64043K [0x0000000080000000, 0x0000000100000000)
  region size 1024K, 35 young (35840K), 5 survivors (5120K)
 Metaspace       used 49805K, committed 50240K, reserved 1114112K
  class space    used 6623K, committed 6784K, reserved 1048576K
}
Event: 12.960 GC heap after
{Heap after GC invocations=14 (full 0):
 garbage-first heap   total 82944K, used 33971K [0x0000000080000000, 0x0000000100000000)
  region size 1024K, 2 young (2048K), 2 survivors (2048K)
 Metaspace       used 49805K, committed 50240K, reserved 1114112K
  class space    used 6623K, committed 6784K, reserved 1048576K
}

