# JRE version: OpenJDK Runtime Environment (17.0.7) (build 17.0.7+0-b2043.56-10550314)
# Java VM: OpenJDK 64-Bit Server VM (17.0.7+0-b2043.56-10550314, mixed mode, tiered, compressed oops, compressed class ptrs, g1 gc, windows-amd64)
GC Precious Log:
 CPUs: 4 total, 4 available
 Memory: 6086M
 Large Page Support: Disabled
 NUMA Support: Disabled
 Compressed Oops: Enabled (32-bit)
 Heap Region Size: 1M
 Heap Min Capacity: 8M
 Heap Initial Capacity: 96M
 Heap Max Capacity: 2G
 Pre-touch: Disabled
 Parallel Workers: 4
 Concurrent Workers: 1
 Concurrent Refinement Workers: 4
 Periodic GC: Disabled
Heap:
 garbage-first heap   total 68608K, used 31458K [0x0000000080000000, 0x0000000100000000)
  region size 1024K, 3 young (3072K), 3 survivors (3072K)
 Metaspace       used 41844K, committed 42240K, reserved 1114112K
  class space    used 5553K, committed 5760K, reserved 1048576K
GC Heap History (20 events):
Event: 2.338 GC heap after
{Heap after GC invocations=2 (full 0):
 garbage-first heap   total 98304K, used 10490K [0x0000000080000000, 0x0000000100000000)
  region size 1024K, 3 young (3072K), 3 survivors (3072K)
 Metaspace       used 11310K, committed 11520K, reserved 1114112K
  class space    used 1180K, committed 1280K, reserved 1048576K
}
Event: 3.222 GC heap before
{Heap before GC invocations=2 (full 0):
 garbage-first heap   total 98304K, used 33018K [0x0000000080000000, 0x0000000100000000)
  region size 1024K, 25 young (25600K), 3 survivors (3072K)
 Metaspace       used 11418K, committed 11648K, reserved 1114112K
  class space    used 1181K, committed 1280K, reserved 1048576K
}
Event: 3.229 GC heap after
{Heap after GC invocations=3 (full 0):
 garbage-first heap   total 98304K, used 12055K [0x0000000080000000, 0x0000000100000000)
  region size 1024K, 2 young (2048K), 2 survivors (2048K)
 Metaspace       used 11418K, committed 11648K, reserved 1114112K
  class space    used 1181K, committed 1280K, reserved 1048576K
}
Event: 6.032 GC heap before
{Heap before GC invocations=3 (full 0):
 garbage-first heap   total 98304K, used 58135K [0x0000000080000000, 0x0000000100000000)
  region size 1024K, 48 young (49152K), 2 survivors (2048K)
 Metaspace       used 21253K, committed 21504K, reserved 1114112K
  class space    used 2556K, committed 2688K, reserved 1048576K
}
Event: 6.046 GC heap after
{Heap after GC invocations=4 (full 0):
 garbage-first heap   total 98304K, used 18512K [0x0000000080000000, 0x0000000100000000)
  region size 1024K, 8 young (8192K), 8 survivors (8192K)
 Metaspace       used 21253K, committed 21504K, reserved 1114112K
  class space    used 2556K, committed 2688K, reserved 1048576K
}
Event: 7.688 GC heap before
{Heap before GC invocations=5 (full 0):
 garbage-first heap   total 68608K, used 50256K [0x0000000080000000, 0x0000000100000000)
  region size 1024K, 40 young (40960K), 8 survivors (8192K)
 Metaspace       used 25938K, committed 26240K, reserved 1114112K
  class space    used 3375K, committed 3520K, reserved 1048576K
}
Event: 7.712 GC heap after
{Heap after GC invocations=6 (full 0):
 garbage-first heap   total 68608K, used 20426K [0x0000000080000000, 0x0000000100000000)
  region size 1024K, 3 young (3072K), 3 survivors (3072K)
 Metaspace       used 25938K, committed 26240K, reserved 1114112K
  class space    used 3375K, committed 3520K, reserved 1048576K
}
Event: 7.809 GC heap before
{Heap before GC invocations=6 (full 0):
 garbage-first heap   total 68608K, used 20426K [0x0000000080000000, 0x0000000100000000)
  region size 1024K, 4 young (4096K), 3 survivors (3072K)
 Metaspace       used 26029K, committed 26304K, reserved 1114112K
  class space    used 3399K, committed 3584K, reserved 1048576K
}
Event: 7.817 GC heap after
{Heap after GC invocations=7 (full 0):
 garbage-first heap   total 68608K, used 20165K [0x0000000080000000, 0x0000000100000000)
  region size 1024K, 1 young (1024K), 1 survivors (1024K)
 Metaspace       used 26029K, committed 26304K, reserved 1114112K
  class space    used 3399K, committed 3584K, reserved 1048576K
}
Event: 9.120 GC heap before
{Heap before GC invocations=7 (full 0):
 garbage-first heap   total 68608K, used 48837K [0x0000000080000000, 0x0000000100000000)
  region size 1024K, 30 young (30720K), 1 survivors (1024K)
 Metaspace       used 30103K, committed 30464K, reserved 1114112K
  class space    used 4065K, committed 4224K, reserved 1048576K
}
Event: 9.125 GC heap after
{Heap after GC invocations=8 (full 0):
 garbage-first heap   total 68608K, used 21471K [0x0000000080000000, 0x0000000100000000)
  region size 1024K, 2 young (2048K), 2 survivors (2048K)
 Metaspace       used 30103K, committed 30464K, reserved 1114112K
  class space    used 4065K, committed 4224K, reserved 1048576K
}
Event: 10.325 GC heap before
{Heap before GC invocations=8 (full 0):
 garbage-first heap   total 68608K, used 51167K [0x0000000080000000, 0x0000000100000000)
  region size 1024K, 31 young (31744K), 2 survivors (2048K)
 Metaspace       used 34256K, committed 34624K, reserved 1114112K
  class space    used 4708K, committed 4864K, reserved 1048576K
}
Event: 10.333 GC heap after
{Heap after GC invocations=9 (full 0):
 garbage-first heap   total 68608K, used 22666K [0x0000000080000000, 0x0000000100000000)
  region size 1024K, 3 young (3072K), 3 survivors (3072K)
 Metaspace       used 34256K, committed 34624K, reserved 1114112K
  class space    used 4708K, committed 4864K, reserved 1048576K
}
Event: 10.735 GC heap before
{Heap before GC invocations=9 (full 0):
 garbage-first heap   total 68608K, used 31882K [0x0000000080000000, 0x0000000100000000)
  region size 1024K, 13 young (13312K), 3 survivors (3072K)
 Metaspace       used 35730K, committed 35968K, reserved 1114112K
  class space    used 4946K, committed 5056K, reserved 1048576K
}
Event: 10.744 GC heap after
{Heap after GC invocations=10 (full 0):
 garbage-first heap   total 68608K, used 23686K [0x0000000080000000, 0x0000000100000000)
  region size 1024K, 3 young (3072K), 3 survivors (3072K)
 Metaspace       used 35730K, committed 35968K, reserved 1114112K
  class space    used 4946K, committed 5056K, reserved 1048576K
}
Event: 11.757 GC heap before
{Heap before GC invocations=11 (full 0):
 garbage-first heap   total 68608K, used 52358K [0x0000000080000000, 0x0000000100000000)
  region size 1024K, 32 young (32768K), 3 survivors (3072K)
 Metaspace       used 41132K, committed 41472K, reserved 1114112K
  class space    used 5468K, committed 5632K, reserved 1048576K
}
Event: 11.769 GC heap after
{Heap after GC invocations=12 (full 0):
 garbage-first heap   total 68608K, used 27332K [0x0000000080000000, 0x0000000100000000)
  region size 1024K, 4 young (4096K), 4 survivors (4096K)
 Metaspace       used 41132K, committed 41472K, reserved 1114112K
  class space    used 5468K, committed 5632K, reserved 1048576K
}
Event: 11.786 GC heap before
{Heap before GC invocations=12 (full 0):
 garbage-first heap   total 68608K, used 28356K [0x0000000080000000, 0x0000000100000000)
  region size 1024K, 5 young (5120K), 4 survivors (4096K)
 Metaspace       used 41132K, committed 41472K, reserved 1114112K
  class space    used 5468K, committed 5632K, reserved 1048576K
}
Event: 11.796 GC heap after
{Heap after GC invocations=13 (full 0):
 garbage-first heap   total 68608K, used 27980K [0x0000000080000000, 0x0000000100000000)
  region size 1024K, 1 young (1024K), 1 survivors (1024K)
 Metaspace       used 41132K, committed 41472K, reserved 1114112K
  class space    used 5468K, committed 5632K, reserved 1048576K
}
Event: 12.157 GC heap before
{Heap before GC invocations=13 (full 0):
 garbage-first heap   total 68608K, used 45388K [0x0000000080000000, 0x0000000100000000)
  region size 1024K, 17 young (17408K), 1 survivors (1024K)
 Metaspace       used 41844K, committed 42240K, reserved 1114112K
  class space    used 5553K, committed 5760K, reserved 1048576K
}

