# JRE version: OpenJDK Runtime Environment (17.0.7) (build 17.0.7+0-b2043.56-10550314)
# Java VM: OpenJDK 64-Bit Server VM (17.0.7+0-b2043.56-10550314, mixed mode, tiered, compressed oops, compressed class ptrs, g1 gc, windows-amd64)
GC Precious Log:
 CPUs: 4 total, 4 available
 Memory: 6086M
 Large Page Support: Disabled
 NUMA Support: Disabled
 Compressed Oops: Enabled (32-bit)
 Heap Region Size: 1M
 Heap Min Capacity: 8M
 Heap Initial Capacity: 96M
 Heap Max Capacity: 2G
 Pre-touch: Disabled
 Parallel Workers: 4
 Concurrent Workers: 1
 Concurrent Refinement Workers: 4
 Periodic GC: Disabled
Heap:
 garbage-first heap   total 225280K, used 154168K [0x0000000080000000, 0x0000000100000000)
  region size 1024K, 24 young (24576K), 2 survivors (2048K)
 Metaspace       used 96313K, committed 97024K, reserved 1179648K
  class space    used 13045K, committed 13376K, reserved 1048576K
GC Heap History (20 events):
Event: 39.658 GC heap before
{Heap before GC invocations=47 (full 0):
 garbage-first heap   total 179200K, used 135125K [0x0000000080000000, 0x0000000100000000)
  region size 1024K, 46 young (47104K), 4 survivors (4096K)
 Metaspace       used 72331K, committed 72960K, reserved 1114112K
  class space    used 9684K, committed 9920K, reserved 1048576K
}
Event: 39.678 GC heap after
{Heap after GC invocations=48 (full 0):
 garbage-first heap   total 179200K, used 94494K [0x0000000080000000, 0x0000000100000000)
  region size 1024K, 6 young (6144K), 6 survivors (6144K)
 Metaspace       used 72331K, committed 72960K, reserved 1114112K
  class space    used 9684K, committed 9920K, reserved 1048576K
}
Event: 39.770 GC heap before
{Heap before GC invocations=48 (full 0):
 garbage-first heap   total 179200K, used 96542K [0x0000000080000000, 0x0000000100000000)
  region size 1024K, 8 young (8192K), 6 survivors (6144K)
 Metaspace       used 72489K, committed 73152K, reserved 1114112K
  class space    used 9713K, committed 9984K, reserved 1048576K
}
Event: 39.781 GC heap after
{Heap after GC invocations=49 (full 0):
 garbage-first heap   total 215040K, used 95030K [0x0000000080000000, 0x0000000100000000)
  region size 1024K, 1 young (1024K), 1 survivors (1024K)
 Metaspace       used 72489K, committed 73152K, reserved 1114112K
  class space    used 9713K, committed 9984K, reserved 1048576K
}
Event: 42.734 GC heap before
{Heap before GC invocations=49 (full 0):
 garbage-first heap   total 215040K, used 160566K [0x0000000080000000, 0x0000000100000000)
  region size 1024K, 64 young (65536K), 1 survivors (1024K)
 Metaspace       used 77506K, committed 78208K, reserved 1179648K
  class space    used 10589K, committed 10880K, reserved 1048576K
}
Event: 42.740 GC heap after
{Heap after GC invocations=50 (full 0):
 garbage-first heap   total 215040K, used 96741K [0x0000000080000000, 0x0000000100000000)
  region size 1024K, 3 young (3072K), 3 survivors (3072K)
 Metaspace       used 77506K, committed 78208K, reserved 1179648K
  class space    used 10589K, committed 10880K, reserved 1048576K
}
Event: 44.730 GC heap before
{Heap before GC invocations=50 (full 0):
 garbage-first heap   total 215040K, used 118245K [0x0000000080000000, 0x0000000100000000)
  region size 1024K, 25 young (25600K), 3 survivors (3072K)
 Metaspace       used 79693K, committed 80320K, reserved 1179648K
  class space    used 10882K, committed 11136K, reserved 1048576K
}
Event: 44.737 GC heap after
{Heap after GC invocations=51 (full 0):
 garbage-first heap   total 215040K, used 98107K [0x0000000080000000, 0x0000000100000000)
  region size 1024K, 4 young (4096K), 4 survivors (4096K)
 Metaspace       used 79693K, committed 80320K, reserved 1179648K
  class space    used 10882K, committed 11136K, reserved 1048576K
}
Event: 44.748 GC heap before
{Heap before GC invocations=51 (full 0):
 garbage-first heap   total 215040K, used 100155K [0x0000000080000000, 0x0000000100000000)
  region size 1024K, 5 young (5120K), 4 survivors (4096K)
 Metaspace       used 79693K, committed 80320K, reserved 1179648K
  class space    used 10882K, committed 11136K, reserved 1048576K
}
Event: 44.754 GC heap after
{Heap after GC invocations=52 (full 0):
 garbage-first heap   total 215040K, used 100482K [0x0000000080000000, 0x0000000100000000)
  region size 1024K, 4 young (4096K), 4 survivors (4096K)
 Metaspace       used 79693K, committed 80320K, reserved 1179648K
  class space    used 10882K, committed 11136K, reserved 1048576K
}
Event: 48.509 GC heap before
{Heap before GC invocations=53 (full 0):
 garbage-first heap   total 215040K, used 188546K [0x0000000080000000, 0x0000000100000000)
  region size 1024K, 70 young (71680K), 4 survivors (4096K)
 Metaspace       used 85319K, committed 86016K, reserved 1179648K
  class space    used 11598K, committed 11904K, reserved 1048576K
}
Event: 48.529 GC heap after
{Heap after GC invocations=54 (full 0):
 garbage-first heap   total 215040K, used 127111K [0x0000000080000000, 0x0000000100000000)
  region size 1024K, 9 young (9216K), 9 survivors (9216K)
 Metaspace       used 85319K, committed 86016K, reserved 1179648K
  class space    used 11598K, committed 11904K, reserved 1048576K
}
Event: 48.560 GC heap before
{Heap before GC invocations=54 (full 0):
 garbage-first heap   total 215040K, used 128135K [0x0000000080000000, 0x0000000100000000)
  region size 1024K, 10 young (10240K), 9 survivors (9216K)
 Metaspace       used 85408K, committed 86144K, reserved 1179648K
  class space    used 11616K, committed 11968K, reserved 1048576K
}
Event: 48.570 GC heap after
{Heap after GC invocations=55 (full 0):
 garbage-first heap   total 215040K, used 127672K [0x0000000080000000, 0x0000000100000000)
  region size 1024K, 1 young (1024K), 1 survivors (1024K)
 Metaspace       used 85408K, committed 86144K, reserved 1179648K
  class space    used 11616K, committed 11968K, reserved 1048576K
}
Event: 51.390 GC heap before
{Heap before GC invocations=55 (full 0):
 garbage-first heap   total 215040K, used 176824K [0x0000000080000000, 0x0000000100000000)
  region size 1024K, 49 young (50176K), 1 survivors (1024K)
 Metaspace       used 91061K, committed 91776K, reserved 1179648K
  class space    used 12413K, committed 12736K, reserved 1048576K
}
Event: 51.399 GC heap after
{Heap after GC invocations=56 (full 0):
 garbage-first heap   total 215040K, used 129039K [0x0000000080000000, 0x0000000100000000)
  region size 1024K, 3 young (3072K), 3 survivors (3072K)
 Metaspace       used 91061K, committed 91776K, reserved 1179648K
  class space    used 12413K, committed 12736K, reserved 1048576K
}
Event: 55.093 GC heap before
{Heap before GC invocations=57 (full 0):
 garbage-first heap   total 225280K, used 181263K [0x0000000080000000, 0x0000000100000000)
  region size 1024K, 50 young (51200K), 3 survivors (3072K)
 Metaspace       used 96078K, committed 96832K, reserved 1179648K
  class space    used 13037K, committed 13376K, reserved 1048576K
}
Event: 55.105 GC heap after
{Heap after GC invocations=58 (full 0):
 garbage-first heap   total 225280K, used 132185K [0x0000000080000000, 0x0000000100000000)
  region size 1024K, 6 young (6144K), 6 survivors (6144K)
 Metaspace       used 96078K, committed 96832K, reserved 1179648K
  class space    used 13037K, committed 13376K, reserved 1048576K
}
Event: 55.178 GC heap before
{Heap before GC invocations=58 (full 0):
 garbage-first heap   total 225280K, used 137305K [0x0000000080000000, 0x0000000100000000)
  region size 1024K, 11 young (11264K), 6 survivors (6144K)
 Metaspace       used 96185K, committed 96960K, reserved 1179648K
  class space    used 13041K, committed 13376K, reserved 1048576K
}
Event: 55.189 GC heap after
{Heap after GC invocations=59 (full 0):
 garbage-first heap   total 225280K, used 132664K [0x0000000080000000, 0x0000000100000000)
  region size 1024K, 2 young (2048K), 2 survivors (2048K)
 Metaspace       used 96185K, committed 96960K, reserved 1179648K
  class space    used 13041K, committed 13376K, reserved 1048576K
}

