# JRE version: OpenJDK Runtime Environment (17.0.7) (build 17.0.7+0-b2043.56-10550314)
# Java VM: OpenJDK 64-Bit Server VM (17.0.7+0-b2043.56-10550314, mixed mode, tiered, compressed oops, compressed class ptrs, g1 gc, windows-amd64)
GC Precious Log:
 CPUs: 4 total, 4 available
 Memory: 6086M
 Large Page Support: Disabled
 NUMA Support: Disabled
 Compressed Oops: Enabled (32-bit)
 Heap Region Size: 1M
 Heap Min Capacity: 8M
 Heap Initial Capacity: 96M
 Heap Max Capacity: 2G
 Pre-touch: Disabled
 Parallel Workers: 4
 Concurrent Workers: 1
 Concurrent Refinement Workers: 4
 Periodic GC: Disabled
Heap:
 garbage-first heap   total 419840K, used 123429K [0x0000000080000000, 0x0000000100000000)
  region size 1024K, 3 young (3072K), 3 survivors (3072K)
 Metaspace       used 136314K, committed 137344K, reserved 1179648K
  class space    used 18204K, committed 18752K, reserved 1048576K
GC Heap History (20 events):
Event: 414.793 GC heap after
{Heap after GC invocations=73 (full 0):
 garbage-first heap   total 345088K, used 144998K [0x0000000080000000, 0x0000000100000000)
  region size 1024K, 2 young (2048K), 2 survivors (2048K)
 Metaspace       used 134493K, committed 135360K, reserved 1179648K
  class space    used 18176K, committed 18624K, reserved 1048576K
}
Event: 415.726 GC heap before
{Heap before GC invocations=73 (full 0):
 garbage-first heap   total 345088K, used 158310K [0x0000000080000000, 0x0000000100000000)
  region size 1024K, 16 young (16384K), 2 survivors (2048K)
 Metaspace       used 134593K, committed 135488K, reserved 1179648K
  class space    used 18177K, committed 18624K, reserved 1048576K
}
Event: 415.760 GC heap after
{Heap after GC invocations=74 (full 0):
 garbage-first heap   total 419840K, used 131072K [0x0000000080000000, 0x0000000100000000)
  region size 1024K, 2 young (2048K), 2 survivors (2048K)
 Metaspace       used 134593K, committed 135488K, reserved 1179648K
  class space    used 18177K, committed 18624K, reserved 1048576K
}
Event: 417.206 GC heap before
{Heap before GC invocations=74 (full 0):
 garbage-first heap   total 419840K, used 159744K [0x0000000080000000, 0x0000000100000000)
  region size 1024K, 32 young (32768K), 2 survivors (2048K)
 Metaspace       used 134679K, committed 135552K, reserved 1179648K
  class space    used 18180K, committed 18624K, reserved 1048576K
}
Event: 417.223 GC heap after
{Heap after GC invocations=75 (full 0):
 garbage-first heap   total 419840K, used 136872K [0x0000000080000000, 0x0000000100000000)
  region size 1024K, 8 young (8192K), 8 survivors (8192K)
 Metaspace       used 134679K, committed 135552K, reserved 1179648K
  class space    used 18180K, committed 18624K, reserved 1048576K
}
Event: 641.845 GC heap before
{Heap before GC invocations=76 (full 0):
 garbage-first heap   total 419840K, used 313000K [0x0000000080000000, 0x0000000100000000)
  region size 1024K, 158 young (161792K), 8 survivors (8192K)
 Metaspace       used 135254K, committed 136192K, reserved 1179648K
  class space    used 18227K, committed 18688K, reserved 1048576K
}
Event: 641.922 GC heap after
{Heap after GC invocations=77 (full 0):
 garbage-first heap   total 419840K, used 151048K [0x0000000080000000, 0x0000000100000000)
  region size 1024K, 20 young (20480K), 20 survivors (20480K)
 Metaspace       used 135254K, committed 136192K, reserved 1179648K
  class space    used 18227K, committed 18688K, reserved 1048576K
}
Event: 642.000 GC heap before
{Heap before GC invocations=77 (full 0):
 garbage-first heap   total 419840K, used 152072K [0x0000000080000000, 0x0000000100000000)
  region size 1024K, 21 young (21504K), 20 survivors (20480K)
 Metaspace       used 135260K, committed 136192K, reserved 1179648K
  class space    used 18227K, committed 18688K, reserved 1048576K
}
Event: 642.067 GC heap after
{Heap after GC invocations=78 (full 0):
 garbage-first heap   total 419840K, used 143102K [0x0000000080000000, 0x0000000100000000)
  region size 1024K, 2 young (2048K), 2 survivors (2048K)
 Metaspace       used 135260K, committed 136192K, reserved 1179648K
  class space    used 18227K, committed 18688K, reserved 1048576K
}
Event: 645.374 GC heap before
{Heap before GC invocations=78 (full 0):
 garbage-first heap   total 419840K, used 196350K [0x0000000080000000, 0x0000000100000000)
  region size 1024K, 55 young (56320K), 2 survivors (2048K)
 Metaspace       used 135493K, committed 136512K, reserved 1179648K
  class space    used 18242K, committed 18752K, reserved 1048576K
}
Event: 645.406 GC heap after
{Heap after GC invocations=79 (full 0):
 garbage-first heap   total 419840K, used 149342K [0x0000000080000000, 0x0000000100000000)
  region size 1024K, 8 young (8192K), 8 survivors (8192K)
 Metaspace       used 135493K, committed 136512K, reserved 1179648K
  class space    used 18242K, committed 18752K, reserved 1048576K
}
Event: 2116.230 GC heap before
{Heap before GC invocations=80 (full 0):
 garbage-first heap   total 419840K, used 372574K [0x0000000080000000, 0x0000000100000000)
  region size 1024K, 173 young (177152K), 8 survivors (8192K)
 Metaspace       used 135987K, committed 137024K, reserved 1179648K
  class space    used 18245K, committed 18752K, reserved 1048576K
}
Event: 2116.678 GC heap after
{Heap after GC invocations=81 (full 0):
 garbage-first heap   total 419840K, used 154788K [0x0000000080000000, 0x0000000100000000)
  region size 1024K, 13 young (13312K), 13 survivors (13312K)
 Metaspace       used 135987K, committed 137024K, reserved 1179648K
  class space    used 18245K, committed 18752K, reserved 1048576K
}
Event: 2117.543 GC heap before
{Heap before GC invocations=81 (full 0):
 garbage-first heap   total 419840K, used 160932K [0x0000000080000000, 0x0000000100000000)
  region size 1024K, 20 young (20480K), 13 survivors (13312K)
 Metaspace       used 136024K, committed 137024K, reserved 1179648K
  class space    used 18245K, committed 18752K, reserved 1048576K
}
Event: 2117.782 GC heap after
{Heap after GC invocations=82 (full 0):
 garbage-first heap   total 419840K, used 145586K [0x0000000080000000, 0x0000000100000000)
  region size 1024K, 2 young (2048K), 2 survivors (2048K)
 Metaspace       used 136024K, committed 137024K, reserved 1179648K
  class space    used 18245K, committed 18752K, reserved 1048576K
}
Event: 2124.513 GC heap before
{Heap before GC invocations=82 (full 0):
 garbage-first heap   total 419840K, used 228530K [0x0000000080000000, 0x0000000100000000)
  region size 1024K, 84 young (86016K), 2 survivors (2048K)
 Metaspace       used 136187K, committed 137152K, reserved 1179648K
  class space    used 18245K, committed 18752K, reserved 1048576K
}
Event: 2124.544 GC heap after
{Heap after GC invocations=83 (full 0):
 garbage-first heap   total 419840K, used 149121K [0x0000000080000000, 0x0000000100000000)
  region size 1024K, 6 young (6144K), 6 survivors (6144K)
 Metaspace       used 136187K, committed 137152K, reserved 1179648K
  class space    used 18245K, committed 18752K, reserved 1048576K
}
Event: 2129.239 GC heap before
{Heap before GC invocations=84 (full 0):
 garbage-first heap   total 419840K, used 236161K [0x0000000080000000, 0x0000000100000000)
  region size 1024K, 92 young (94208K), 6 survivors (6144K)
 Metaspace       used 136298K, committed 137344K, reserved 1179648K
  class space    used 18204K, committed 18752K, reserved 1048576K
}
Event: 2129.301 GC heap after
{Heap after GC invocations=85 (full 0):
 garbage-first heap   total 419840K, used 154177K [0x0000000080000000, 0x0000000100000000)
  region size 1024K, 12 young (12288K), 12 survivors (12288K)
 Metaspace       used 136298K, committed 137344K, reserved 1179648K
  class space    used 18204K, committed 18752K, reserved 1048576K
}
Event: 2129.528 GC heap before
{Heap before GC invocations=85 (full 0):
 garbage-first heap   total 419840K, used 162369K [0x0000000080000000, 0x0000000100000000)
  region size 1024K, 20 young (20480K), 12 survivors (12288K)
 Metaspace       used 136314K, committed 137344K, reserved 1179648K
  class space    used 18204K, committed 18752K, reserved 1048576K
}

