# JRE version: OpenJDK Runtime Environment (17.0.7) (build 17.0.7+0-b2043.56-10550314)
# Java VM: OpenJDK 64-Bit Server VM (17.0.7+0-b2043.56-10550314, mixed mode, tiered, compressed oops, compressed class ptrs, g1 gc, windows-amd64)
GC Precious Log:
 CPUs: 4 total, 4 available
 Memory: 6086M
 Large Page Support: Disabled
 NUMA Support: Disabled
 Compressed Oops: Enabled (32-bit)
 Heap Region Size: 1M
 Heap Min Capacity: 8M
 Heap Initial Capacity: 96M
 Heap Max Capacity: 2G
 Pre-touch: Disabled
 Parallel Workers: 4
 Concurrent Workers: 1
 Concurrent Refinement Workers: 4
 Periodic GC: Disabled
Heap:
 garbage-first heap   total 99328K, used 67550K [0x0000000080000000, 0x0000000100000000)
  region size 1024K, 18 young (18432K), 2 survivors (2048K)
 Metaspace       used 62158K, committed 62720K, reserved 1114112K
  class space    used 8270K, committed 8512K, reserved 1048576K
GC Heap History (20 events):
Event: 8.363 GC heap before
{Heap before GC invocations=7 (full 0):
 garbage-first heap   total 68608K, used 50381K [0x0000000080000000, 0x0000000100000000)
  region size 1024K, 30 young (30720K), 1 survivors (1024K)
 Metaspace       used 30073K, committed 30400K, reserved 1114112K
  class space    used 4061K, committed 4224K, reserved 1048576K
}
Event: 8.368 GC heap after
{Heap after GC invocations=8 (full 0):
 garbage-first heap   total 68608K, used 21894K [0x0000000080000000, 0x0000000100000000)
  region size 1024K, 2 young (2048K), 2 survivors (2048K)
 Metaspace       used 30073K, committed 30400K, reserved 1114112K
  class space    used 4061K, committed 4224K, reserved 1048576K
}
Event: 9.251 GC heap before
{Heap before GC invocations=8 (full 0):
 garbage-first heap   total 68608K, used 51590K [0x0000000080000000, 0x0000000100000000)
  region size 1024K, 31 young (31744K), 2 survivors (2048K)
 Metaspace       used 34219K, committed 34496K, reserved 1114112K
  class space    used 4701K, committed 4800K, reserved 1048576K
}
Event: 9.257 GC heap after
{Heap after GC invocations=9 (full 0):
 garbage-first heap   total 68608K, used 23039K [0x0000000080000000, 0x0000000100000000)
  region size 1024K, 3 young (3072K), 3 survivors (3072K)
 Metaspace       used 34219K, committed 34496K, reserved 1114112K
  class space    used 4701K, committed 4800K, reserved 1048576K
}
Event: 9.586 GC heap before
{Heap before GC invocations=9 (full 0):
 garbage-first heap   total 68608K, used 31231K [0x0000000080000000, 0x0000000100000000)
  region size 1024K, 12 young (12288K), 3 survivors (3072K)
 Metaspace       used 35642K, committed 35968K, reserved 1114112K
  class space    used 4940K, committed 5120K, reserved 1048576K
}
Event: 9.597 GC heap after
{Heap after GC invocations=10 (full 0):
 garbage-first heap   total 68608K, used 23885K [0x0000000080000000, 0x0000000100000000)
  region size 1024K, 3 young (3072K), 3 survivors (3072K)
 Metaspace       used 35642K, committed 35968K, reserved 1114112K
  class space    used 4940K, committed 5120K, reserved 1048576K
}
Event: 10.693 GC heap before
{Heap before GC invocations=11 (full 0):
 garbage-first heap   total 68608K, used 51533K [0x0000000080000000, 0x0000000100000000)
  region size 1024K, 31 young (31744K), 3 survivors (3072K)
 Metaspace       used 41139K, committed 41472K, reserved 1114112K
  class space    used 5469K, committed 5632K, reserved 1048576K
}
Event: 10.705 GC heap after
{Heap after GC invocations=12 (full 0):
 garbage-first heap   total 68608K, used 27467K [0x0000000080000000, 0x0000000100000000)
  region size 1024K, 4 young (4096K), 4 survivors (4096K)
 Metaspace       used 41139K, committed 41472K, reserved 1114112K
  class space    used 5469K, committed 5632K, reserved 1048576K
}
Event: 11.288 GC heap before
{Heap before GC invocations=12 (full 0):
 garbage-first heap   total 68608K, used 57163K [0x0000000080000000, 0x0000000100000000)
  region size 1024K, 29 young (29696K), 4 survivors (4096K)
 Metaspace       used 43321K, committed 43712K, reserved 1114112K
  class space    used 5680K, committed 5824K, reserved 1048576K
}
Event: 11.306 GC heap after
{Heap after GC invocations=13 (full 0):
 garbage-first heap   total 98304K, used 30995K [0x0000000080000000, 0x0000000100000000)
  region size 1024K, 4 young (4096K), 4 survivors (4096K)
 Metaspace       used 43321K, committed 43712K, reserved 1114112K
  class space    used 5680K, committed 5824K, reserved 1048576K
}
Event: 12.613 GC heap before
{Heap before GC invocations=13 (full 0):
 garbage-first heap   total 98304K, used 75027K [0x0000000080000000, 0x0000000100000000)
  region size 1024K, 46 young (47104K), 4 survivors (4096K)
 Metaspace       used 47992K, committed 48384K, reserved 1114112K
  class space    used 6326K, committed 6528K, reserved 1048576K
}
Event: 12.623 GC heap after
{Heap after GC invocations=14 (full 0):
 garbage-first heap   total 98304K, used 33596K [0x0000000080000000, 0x0000000100000000)
  region size 1024K, 6 young (6144K), 6 survivors (6144K)
 Metaspace       used 47992K, committed 48384K, reserved 1114112K
  class space    used 6326K, committed 6528K, reserved 1048576K
}
Event: 14.291 GC heap before
{Heap before GC invocations=14 (full 0):
 garbage-first heap   total 98304K, used 75580K [0x0000000080000000, 0x0000000100000000)
  region size 1024K, 47 young (48128K), 6 survivors (6144K)
 Metaspace       used 52096K, committed 52544K, reserved 1114112K
  class space    used 6920K, committed 7104K, reserved 1048576K
}
Event: 14.308 GC heap after
{Heap after GC invocations=15 (full 0):
 garbage-first heap   total 98304K, used 36595K [0x0000000080000000, 0x0000000100000000)
  region size 1024K, 6 young (6144K), 6 survivors (6144K)
 Metaspace       used 52096K, committed 52544K, reserved 1114112K
  class space    used 6920K, committed 7104K, reserved 1048576K
}
Event: 15.783 GC heap before
{Heap before GC invocations=15 (full 0):
 garbage-first heap   total 98304K, used 82675K [0x0000000080000000, 0x0000000100000000)
  region size 1024K, 46 young (47104K), 6 survivors (6144K)
 Metaspace       used 54059K, committed 54528K, reserved 1114112K
  class space    used 7162K, committed 7360K, reserved 1048576K
}
Event: 15.799 GC heap after
{Heap after GC invocations=16 (full 0):
 garbage-first heap   total 99328K, used 50292K [0x0000000080000000, 0x0000000100000000)
  region size 1024K, 6 young (6144K), 6 survivors (6144K)
 Metaspace       used 54059K, committed 54528K, reserved 1114112K
  class space    used 7162K, committed 7360K, reserved 1048576K
}
Event: 16.580 GC heap before
{Heap before GC invocations=16 (full 0):
 garbage-first heap   total 99328K, used 76916K [0x0000000080000000, 0x0000000100000000)
  region size 1024K, 32 young (32768K), 6 survivors (6144K)
 Metaspace       used 56674K, committed 57152K, reserved 1114112K
  class space    used 7546K, committed 7744K, reserved 1048576K
}
Event: 16.588 GC heap after
{Heap after GC invocations=17 (full 0):
 garbage-first heap   total 99328K, used 51803K [0x0000000080000000, 0x0000000100000000)
  region size 1024K, 2 young (2048K), 2 survivors (2048K)
 Metaspace       used 56674K, committed 57152K, reserved 1114112K
  class space    used 7546K, committed 7744K, reserved 1048576K
}
Event: 17.358 GC heap before
{Heap before GC invocations=18 (full 0):
 garbage-first heap   total 99328K, used 77403K [0x0000000080000000, 0x0000000100000000)
  region size 1024K, 28 young (28672K), 2 survivors (2048K)
 Metaspace       used 59702K, committed 60160K, reserved 1114112K
  class space    used 7908K, committed 8128K, reserved 1048576K
}
Event: 17.365 GC heap after
{Heap after GC invocations=19 (full 0):
 garbage-first heap   total 99328K, used 52190K [0x0000000080000000, 0x0000000100000000)
  region size 1024K, 2 young (2048K), 2 survivors (2048K)
 Metaspace       used 59702K, committed 60160K, reserved 1114112K
  class space    used 7908K, committed 8128K, reserved 1048576K
}

